<?xml version="1.0" encoding="UTF-8"?>
<!-- Generated by org.testng.reporters.JUnitXMLReporter -->
<testsuite ignored="0" hostname="DESKTOP-MUIS24O" failures="0" tests="4" name="Test" time="79.296" errors="0" timestamp="2020-08-11T11:56:37 CEST">
  <testcase classname="testsCases.AddressValidationTest" name="addressTest" time="10.413"/>
  <testcase classname="testsCases.AddressValidationTest" name="addressTest" time="12.328"/>
  <testcase classname="testsCases.AddToCartValidation" name="addItemToCart" time="11.105"/>
  <testcase classname="testsCases.PaypalPaymentValidation" name="paypalPaymentValidation" time="19.525"/>
</testsuite> <!-- Test -->
