<?xml version="1.0" encoding="UTF-8"?>
<testng-results ignored="0" total="1" passed="1" failed="0" skipped="0">
  <reporter-output>
  </reporter-output>
  <suite started-at="2020-08-12T16:07:32 CEST" name="Default suite" finished-at="2020-08-12T16:08:03 CEST" duration-ms="31097">
    <groups>
    </groups>
    <test started-at="2020-08-12T16:07:32 CEST" name="Default test" finished-at="2020-08-12T16:08:03 CEST" duration-ms="31097">
      <class name="testsCases.PaypalPaymentValidation">
        <test-method is-config="true" signature="initializeBrowser()[pri:0, instance:testsCases.PaypalPaymentValidation@5223e5ee]" started-at="2020-08-12T16:07:32 CEST" name="initializeBrowser" finished-at="2020-08-12T16:07:38 CEST" duration-ms="6487" status="PASS">
          <reporter-output>
          </reporter-output>
        </test-method> <!-- initializeBrowser -->
        <test-method signature="paypalPaymentValidation()[pri:0, instance:testsCases.PaypalPaymentValidation@5223e5ee]" started-at="2020-08-12T16:07:38 CEST" name="paypalPaymentValidation" finished-at="2020-08-12T16:08:02 CEST" duration-ms="23850" status="PASS">
          <reporter-output>
          </reporter-output>
        </test-method> <!-- paypalPaymentValidation -->
        <test-method is-config="true" signature="closeBrowser()[pri:0, instance:testsCases.PaypalPaymentValidation@5223e5ee]" started-at="2020-08-12T16:08:02 CEST" name="closeBrowser" finished-at="2020-08-12T16:08:03 CEST" duration-ms="705" status="PASS">
          <reporter-output>
          </reporter-output>
        </test-method> <!-- closeBrowser -->
      </class> <!-- testsCases.PaypalPaymentValidation -->
    </test> <!-- Default test -->
  </suite> <!-- Default suite -->
</testng-results>
