<?xml version="1.0" encoding="UTF-8"?>
<testng-results ignored="0" total="2" passed="2" failed="0" skipped="0">
  <reporter-output>
  </reporter-output>
  <suite started-at="2020-08-11T13:25:57 CEST" name="Default suite" finished-at="2020-08-11T13:26:37 CEST" duration-ms="39162">
    <groups>
    </groups>
    <test started-at="2020-08-11T13:25:57 CEST" name="Default test" finished-at="2020-08-11T13:26:37 CEST" duration-ms="39162">
      <class name="testsCases.AddressValidationTest">
        <test-method is-config="true" signature="initializeBrowser()[pri:0, instance:testsCases.AddressValidationTest@6f96c77]" started-at="2020-08-11T13:25:58 CEST" name="initializeBrowser" finished-at="2020-08-11T13:26:10 CEST" duration-ms="12087" status="PASS">
          <reporter-output>
          </reporter-output>
        </test-method> <!-- initializeBrowser -->
        <test-method signature="addressTest(java.lang.String, java.lang.String)[pri:0, instance:testsCases.AddressValidationTest@6f96c77]" started-at="2020-08-11T13:26:10 CEST" name="addressTest" data-provider="Address" finished-at="2020-08-11T13:26:21 CEST" duration-ms="10372" status="PASS">
          <params>
            <param index="0">
              <value>
                <![CDATA[Bayerische Strasse 25]]>
              </value>
            </param>
            <param index="1">
              <value>
                <![CDATA[Bayerische Straße 25, Berlin]]>
              </value>
            </param>
          </params>
          <reporter-output>
          </reporter-output>
        </test-method> <!-- addressTest -->
        <test-method is-config="true" signature="closeBrowser()[pri:0, instance:testsCases.AddressValidationTest@6f96c77]" started-at="2020-08-11T13:26:21 CEST" name="closeBrowser" finished-at="2020-08-11T13:26:21 CEST" duration-ms="693" status="PASS">
          <reporter-output>
          </reporter-output>
        </test-method> <!-- closeBrowser -->
        <test-method is-config="true" signature="initializeBrowser()[pri:0, instance:testsCases.AddressValidationTest@6f96c77]" started-at="2020-08-11T13:26:21 CEST" name="initializeBrowser" finished-at="2020-08-11T13:26:26 CEST" duration-ms="4913" status="PASS">
          <reporter-output>
          </reporter-output>
        </test-method> <!-- initializeBrowser -->
        <test-method signature="addressTest(java.lang.String, java.lang.String)[pri:0, instance:testsCases.AddressValidationTest@6f96c77]" started-at="2020-08-11T13:26:26 CEST" name="addressTest" data-provider="Address" finished-at="2020-08-11T13:26:36 CEST" duration-ms="9621" status="PASS">
          <params>
            <param index="0">
              <value>
                <![CDATA[Düsseldorfer Straße 3]]>
              </value>
            </param>
            <param index="1">
              <value>
                <![CDATA[Düsseldorfer Straße 3, Berlin]]>
              </value>
            </param>
          </params>
          <reporter-output>
          </reporter-output>
        </test-method> <!-- addressTest -->
        <test-method is-config="true" signature="closeBrowser()[pri:0, instance:testsCases.AddressValidationTest@6f96c77]" started-at="2020-08-11T13:26:36 CEST" name="closeBrowser" finished-at="2020-08-11T13:26:37 CEST" duration-ms="668" status="PASS">
          <reporter-output>
          </reporter-output>
        </test-method> <!-- closeBrowser -->
      </class> <!-- testsCases.AddressValidationTest -->
    </test> <!-- Default test -->
  </suite> <!-- Default suite -->
</testng-results>
